# Logfile created on Tue Jul 10 22:57:35 +0800 2012** Erubis 2.7.0
  [4;36;1mSQL (0.5ms)[0m   [0;1m SELECT name
 FROM sqlite_master
 WHERE type = 'table' AND NOT name = 'sqlite_sequence'
[0m
  [4;35;1mSQL (0.1ms)[0m   [0mselect sqlite_version(*)[0m
  [4;36;1mSQL (1.4ms)[0m   [0;1mCREATE TABLE "schema_migrations" ("version" varchar(255) NOT NULL) [0m
  [4;35;1mSQL (0.1ms)[0m   [0mPRAGMA index_list("schema_migrations")[0m
  [4;36;1mSQL (2.2ms)[0m   [0;1mCREATE UNIQUE INDEX "unique_schema_migrations" ON "schema_migrations" ("version")[0m
  [4;35;1mSQL (0.2ms)[0m   [0m SELECT name
 FROM sqlite_master
 WHERE type = 'table' AND NOT name = 'sqlite_sequence'
[0m
  [4;36;1mSQL (0.1ms)[0m   [0;1mSELECT version FROM schema_migrations[0m
Migrating to Beta1Schema (1)
  [4;35;1mSQL (0.3ms)[0m   [0m SELECT name
 FROM sqlite_master
 WHERE type = 'table' AND NOT name = 'sqlite_sequence'
[0m
  [4;36;1mSQL (0.5ms)[0m   [0;1mCREATE TABLE "pages" ("id" INTEGER PRIMARY KEY AUTOINCREMENT NOT NULL, "created_at" datetime NOT NULL, "updated_at" datetime NOT NULL, "web_id" integer DEFAULT 0 NOT NULL, "locked_by" varchar(60), "name" varchar(60), "locked_at" datetime) [0m
  [4;35;1mSQL (0.1ms)[0m   [0m SELECT name
 FROM sqlite_master
 WHERE type = 'table' AND NOT name = 'sqlite_sequence'
[0m
  [4;36;1mSQL (0.2ms)[0m   [0;1mCREATE TABLE "revisions" ("id" INTEGER PRIMARY KEY AUTOINCREMENT NOT NULL, "created_at" datetime NOT NULL, "updated_at" datetime NOT NULL, "revised_at" datetime NOT NULL, "page_id" integer DEFAULT 0 NOT NULL, "content" text, "author" varchar(60), "ip" varchar(60)) [0m
  [4;35;1mSQL (0.1ms)[0m   [0m SELECT name
 FROM sqlite_master
 WHERE type = 'table' AND NOT name = 'sqlite_sequence'
[0m
  [4;36;1mSQL (0.2ms)[0m   [0;1mCREATE TABLE "system" ("id" INTEGER PRIMARY KEY AUTOINCREMENT NOT NULL, "password" varchar(60)) [0m
  [4;35;1mSQL (0.2ms)[0m   [0m SELECT name
 FROM sqlite_master
 WHERE type = 'table' AND NOT name = 'sqlite_sequence'
[0m
  [4;36;1mSQL (0.3ms)[0m   [0;1mCREATE TABLE "webs" ("id" INTEGER PRIMARY KEY AUTOINCREMENT NOT NULL, "created_at" datetime NOT NULL, "updated_at" datetime NOT NULL, "name" varchar(60) DEFAULT '' NOT NULL, "address" varchar(60) DEFAULT '' NOT NULL, "password" varchar(60), "additional_style" varchar(255), "allow_uploads" integer DEFAULT 1, "published" integer DEFAULT 0, "count_pages" integer DEFAULT 0, "markup" varchar(50) DEFAULT 'markdownMML', "color" varchar(6) DEFAULT '008B26', "max_upload_size" integer DEFAULT 100, "safe_mode" integer DEFAULT 0, "brackets_only" integer DEFAULT 0) [0m
  [4;35;1mSQL (0.2ms)[0m   [0m SELECT name
 FROM sqlite_master
 WHERE type = 'table' AND NOT name = 'sqlite_sequence'
[0m
  [4;36;1mSQL (0.2ms)[0m   [0;1mCREATE TABLE "wiki_references" ("id" INTEGER PRIMARY KEY AUTOINCREMENT NOT NULL, "created_at" datetime NOT NULL, "updated_at" datetime NOT NULL, "page_id" integer DEFAULT 0 NOT NULL, "referenced_name" varchar(60) DEFAULT '' NOT NULL, "link_type" varchar(1) DEFAULT '' NOT NULL) [0m
  [4;35;1mSQL (0.2ms)[0m   [0mINSERT INTO schema_migrations (version) VALUES ('1')[0m
Migrating to Beta2ChangesBulk (2)
  [4;36;1mSQL (0.1ms)[0m   [0;1mPRAGMA index_list("revisions")[0m
  [4;35;1mSQL (0.5ms)[0m   [0mCREATE INDEX "index_revisions_on_page_id" ON "revisions" ("page_id")[0m
  [4;36;1mSQL (0.2ms)[0m   [0;1mPRAGMA index_list("revisions")[0m
  [4;35;1mSQL (0.1ms)[0m   [0mPRAGMA index_info('index_revisions_on_page_id')[0m
  [4;36;1mSQL (0.2ms)[0m   [0;1mCREATE INDEX "index_revisions_on_created_at" ON "revisions" ("created_at")[0m
  [4;35;1mSQL (0.3ms)[0m   [0mPRAGMA index_list("revisions")[0m
  [4;36;1mSQL (0.2ms)[0m   [0;1mPRAGMA index_info('index_revisions_on_created_at')[0m
  [4;35;1mSQL (0.1ms)[0m   [0mPRAGMA index_info('index_revisions_on_page_id')[0m
  [4;36;1mSQL (0.2ms)[0m   [0;1mCREATE INDEX "index_revisions_on_author" ON "revisions" ("author")[0m
  [4;35;1mSQL (0.2ms)[0m   [0m SELECT name
 FROM sqlite_master
 WHERE type = 'table' AND NOT name = 'sqlite_sequence'
[0m
  [4;36;1mSQL (0.5ms)[0m   [0;1mCREATE TABLE "sessions" ("id" INTEGER PRIMARY KEY AUTOINCREMENT NOT NULL, "session_id" varchar(255), "data" text, "updated_at" datetime) [0m
  [4;35;1mSQL (0.1ms)[0m   [0mPRAGMA index_list("sessions")[0m
  [4;36;1mSQL (0.2ms)[0m   [0;1mCREATE INDEX "index_sessions_on_session_id" ON "sessions" ("session_id")[0m
  [4;35;1mSQL (0.2ms)[0m   [0m SELECT name
 FROM sqlite_master
 WHERE type = 'table' AND NOT name = 'sqlite_sequence'
[0m
  [4;36;1mSQL (0.2ms)[0m   [0;1mCREATE TABLE "wiki_files" ("id" INTEGER PRIMARY KEY AUTOINCREMENT NOT NULL, "created_at" datetime NOT NULL, "updated_at" datetime NOT NULL, "web_id" integer NOT NULL, "file_name" varchar(255) NOT NULL, "description" varchar(255) NOT NULL) [0m
  [4;35;1mSQL (0.1ms)[0m   [0mPRAGMA index_list("wiki_references")[0m
  [4;36;1mSQL (0.2ms)[0m   [0;1mCREATE INDEX "index_wiki_references_on_page_id" ON "wiki_references" ("page_id")[0m
  [4;35;1mSQL (0.1ms)[0m   [0mPRAGMA index_list("wiki_references")[0m
  [4;36;1mSQL (0.1ms)[0m   [0;1mPRAGMA index_info('index_wiki_references_on_page_id')[0m
  [4;35;1mSQL (0.2ms)[0m   [0mCREATE INDEX "index_wiki_references_on_referenced_name" ON "wiki_references" ("referenced_name")[0m
  [4;36;1mSQL (0.2ms)[0m   [0;1mINSERT INTO schema_migrations (version) VALUES ('2')[0m
Migrating to ModifyTextTypes (20091021024908)
  [4;35;1mSQL (26.4ms)[0m   [0mCREATE TEMPORARY TABLE "altered_revisions" ("id" INTEGER PRIMARY KEY AUTOINCREMENT NOT NULL, "created_at" datetime NOT NULL, "updated_at" datetime NOT NULL, "revised_at" datetime NOT NULL, "page_id" integer DEFAULT 0 NOT NULL, "content" text, "author" varchar(60), "ip" varchar(60)) [0m
  [4;36;1mSQL (0.2ms)[0m   [0;1mPRAGMA index_list("revisions")[0m
  [4;35;1mSQL (0.1ms)[0m   [0mPRAGMA index_info('index_revisions_on_author')[0m
  [4;36;1mSQL (0.1ms)[0m   [0;1mPRAGMA index_info('index_revisions_on_created_at')[0m
  [4;35;1mSQL (0.1ms)[0m   [0mPRAGMA index_info('index_revisions_on_page_id')[0m
  [4;36;1mSQL (0.0ms)[0m   [0;1mPRAGMA index_list("altered_revisions")[0m
  [4;35;1mSQL (0.2ms)[0m   [0mCREATE INDEX "temp_index_altered_revisions_on_author" ON "altered_revisions" ("author")[0m
  [4;36;1mSQL (0.1ms)[0m   [0;1mPRAGMA index_list("altered_revisions")[0m
  [4;35;1mSQL (0.1ms)[0m   [0mPRAGMA index_info('temp_index_altered_revisions_on_author')[0m
  [4;36;1mSQL (0.2ms)[0m   [0;1mCREATE INDEX "temp_index_altered_revisions_on_created_at" ON "altered_revisions" ("created_at")[0m
  [4;35;1mSQL (0.1ms)[0m   [0mPRAGMA index_list("altered_revisions")[0m
  [4;36;1mSQL (0.1ms)[0m   [0;1mPRAGMA index_info('temp_index_altered_revisions_on_created_at')[0m
  [4;35;1mSQL (0.1ms)[0m   [0mPRAGMA index_info('temp_index_altered_revisions_on_author')[0m
  [4;36;1mSQL (0.2ms)[0m   [0;1mCREATE INDEX "temp_index_altered_revisions_on_page_id" ON "altered_revisions" ("page_id")[0m
  [4;35;1mSQL (0.5ms)[0m   [0mDROP TABLE "revisions"[0m
  [4;36;1mSQL (0.3ms)[0m   [0;1mCREATE TABLE "revisions" ("id" INTEGER PRIMARY KEY AUTOINCREMENT NOT NULL, "created_at" datetime NOT NULL, "updated_at" datetime NOT NULL, "revised_at" datetime NOT NULL, "page_id" integer DEFAULT 0 NOT NULL, "content" text(16777215), "author" varchar(60), "ip" varchar(60)) [0m
  [4;35;1mSQL (0.1ms)[0m   [0mPRAGMA index_list("altered_revisions")[0m
  [4;36;1mSQL (0.1ms)[0m   [0;1mPRAGMA index_info('temp_index_altered_revisions_on_page_id')[0m
  [4;35;1mSQL (0.1ms)[0m   [0mPRAGMA index_info('temp_index_altered_revisions_on_created_at')[0m
  [4;36;1mSQL (0.1ms)[0m   [0;1mPRAGMA index_info('temp_index_altered_revisions_on_author')[0m
  [4;35;1mSQL (0.0ms)[0m   [0mPRAGMA index_list("revisions")[0m
  [4;36;1mSQL (0.2ms)[0m   [0;1mCREATE INDEX "index_revisions_on_page_id" ON "revisions" ("page_id")[0m
  [4;35;1mSQL (0.1ms)[0m   [0mPRAGMA index_list("revisions")[0m
  [4;36;1mSQL (0.1ms)[0m   [0;1mPRAGMA index_info('index_revisions_on_page_id')[0m
  [4;35;1mSQL (0.1ms)[0m   [0mCREATE INDEX "index_revisions_on_created_at" ON "revisions" ("created_at")[0m
  [4;36;1mSQL (0.1ms)[0m   [0;1mPRAGMA index_list("revisions")[0m
  [4;35;1mSQL (0.1ms)[0m   [0mPRAGMA index_info('index_revisions_on_created_at')[0m
  [4;36;1mSQL (0.1ms)[0m   [0;1mPRAGMA index_info('index_revisions_on_page_id')[0m
  [4;35;1mSQL (0.2ms)[0m   [0mCREATE INDEX "index_revisions_on_author" ON "revisions" ("author")[0m
  [4;36;1mSQL (0.6ms)[0m   [0;1mDROP TABLE "altered_revisions"[0m
  [4;35;1mSQL (0.2ms)[0m   [0mCREATE TEMPORARY TABLE "altered_pages" ("id" INTEGER PRIMARY KEY AUTOINCREMENT NOT NULL, "created_at" datetime NOT NULL, "updated_at" datetime NOT NULL, "web_id" integer DEFAULT 0 NOT NULL, "locked_by" varchar(60), "name" varchar(60), "locked_at" datetime) [0m
  [4;36;1mSQL (0.0ms)[0m   [0;1mPRAGMA index_list("pages")[0m
  [4;35;1mSQL (0.5ms)[0m   [0mDROP TABLE "pages"[0m
  [4;36;1mSQL (6.1ms)[0m   [0;1mCREATE TABLE "pages" ("id" INTEGER PRIMARY KEY AUTOINCREMENT NOT NULL, "created_at" datetime NOT NULL, "updated_at" datetime NOT NULL, "web_id" integer DEFAULT 0 NOT NULL, "locked_by" varchar(60), "name" varchar(255), "locked_at" datetime) [0m
  [4;35;1mSQL (0.1ms)[0m   [0mPRAGMA index_list("altered_pages")[0m
  [4;36;1mSQL (0.2ms)[0m   [0;1mDROP TABLE "altered_pages"[0m
  [4;35;1mSQL (0.3ms)[0m   [0mCREATE TEMPORARY TABLE "altered_webs" ("id" INTEGER PRIMARY KEY AUTOINCREMENT NOT NULL, "created_at" datetime NOT NULL, "updated_at" datetime NOT NULL, "name" varchar(60) DEFAULT '' NOT NULL, "address" varchar(60) DEFAULT '' NOT NULL, "password" varchar(60), "additional_style" varchar(255), "allow_uploads" integer DEFAULT 1, "published" integer DEFAULT 0, "count_pages" integer DEFAULT 0, "markup" varchar(50) DEFAULT 'markdownMML', "color" varchar(6) DEFAULT '008B26', "max_upload_size" integer DEFAULT 100, "safe_mode" integer DEFAULT 0, "brackets_only" integer DEFAULT 0) [0m
  [4;36;1mSQL (0.1ms)[0m   [0;1mPRAGMA index_list("webs")[0m
  [4;35;1mSQL (0.2ms)[0m   [0mDROP TABLE "webs"[0m
  [4;36;1mSQL (0.4ms)[0m   [0;1mCREATE TABLE "webs" ("id" INTEGER PRIMARY KEY AUTOINCREMENT NOT NULL, "created_at" datetime NOT NULL, "updated_at" datetime NOT NULL, "name" varchar(60) DEFAULT '' NOT NULL, "address" varchar(60) DEFAULT '' NOT NULL, "password" varchar(60), "additional_style" text(255), "allow_uploads" integer DEFAULT 1, "published" integer DEFAULT 0, "count_pages" integer DEFAULT 0, "markup" varchar(50) DEFAULT 'markdownMML', "color" varchar(6) DEFAULT '008B26', "max_upload_size" integer DEFAULT 100, "safe_mode" integer DEFAULT 0, "brackets_only" integer DEFAULT 0) [0m
  [4;35;1mSQL (0.1ms)[0m   [0mPRAGMA index_list("altered_webs")[0m
  [4;36;1mSQL (0.2ms)[0m   [0;1mDROP TABLE "altered_webs"[0m
  [4;35;1mSQL (0.2ms)[0m   [0mINSERT INTO schema_migrations (version) VALUES ('20091021024908')[0m
Migrating to ModifyReferencedNameType (20100101192755)
  [4;36;1mSQL (0.3ms)[0m   [0;1mCREATE TEMPORARY TABLE "altered_wiki_references" ("id" INTEGER PRIMARY KEY AUTOINCREMENT NOT NULL, "created_at" datetime NOT NULL, "updated_at" datetime NOT NULL, "page_id" integer DEFAULT 0 NOT NULL, "referenced_name" varchar(60) DEFAULT '' NOT NULL, "link_type" varchar(1) DEFAULT '' NOT NULL) [0m
  [4;35;1mSQL (0.1ms)[0m   [0mPRAGMA index_list("wiki_references")[0m
  [4;36;1mSQL (0.1ms)[0m   [0;1mPRAGMA index_info('index_wiki_references_on_referenced_name')[0m
  [4;35;1mSQL (0.1ms)[0m   [0mPRAGMA index_info('index_wiki_references_on_page_id')[0m
  [4;36;1mSQL (0.0ms)[0m   [0;1mPRAGMA index_list("altered_wiki_references")[0m
  [4;35;1mSQL (0.2ms)[0m   [0mCREATE INDEX "temp_index_altered_wiki_references_on_referenced_name" ON "altered_wiki_references" ("referenced_name")[0m
  [4;36;1mSQL (0.1ms)[0m   [0;1mPRAGMA index_list("altered_wiki_references")[0m
  [4;35;1mSQL (0.1ms)[0m   [0mPRAGMA index_info('temp_index_altered_wiki_references_on_referenced_name')[0m
  [4;36;1mSQL (0.1ms)[0m   [0;1mCREATE INDEX "temp_index_altered_wiki_references_on_page_id" ON "altered_wiki_references" ("page_id")[0m
  [4;35;1mSQL (0.4ms)[0m   [0mDROP TABLE "wiki_references"[0m
  [4;36;1mSQL (0.3ms)[0m   [0;1mCREATE TABLE "wiki_references" ("id" INTEGER PRIMARY KEY AUTOINCREMENT NOT NULL, "created_at" datetime NOT NULL, "updated_at" datetime NOT NULL, "page_id" integer DEFAULT 0 NOT NULL, "referenced_name" varchar(255) DEFAULT '' NOT NULL, "link_type" varchar(1) DEFAULT '' NOT NULL) [0m
  [4;35;1mSQL (0.1ms)[0m   [0mPRAGMA index_list("altered_wiki_references")[0m
  [4;36;1mSQL (0.1ms)[0m   [0;1mPRAGMA index_info('temp_index_altered_wiki_references_on_page_id')[0m
  [4;35;1mSQL (0.1ms)[0m   [0mPRAGMA index_info('temp_index_altered_wiki_references_on_referenced_name')[0m
  [4;36;1mSQL (0.1ms)[0m   [0;1mPRAGMA index_list("wiki_references")[0m
  [4;35;1mSQL (0.2ms)[0m   [0mCREATE INDEX "index_wiki_references_on_page_id" ON "wiki_references" ("page_id")[0m
  [4;36;1mSQL (0.2ms)[0m   [0;1mPRAGMA index_list("wiki_references")[0m
  [4;35;1mSQL (0.1ms)[0m   [0mPRAGMA index_info('index_wiki_references_on_page_id')[0m
  [4;36;1mSQL (0.4ms)[0m   [0;1mCREATE INDEX "index_wiki_references_on_referenced_name" ON "wiki_references" ("referenced_name")[0m
  [4;35;1mSQL (0.2ms)[0m   [0mDROP TABLE "altered_wiki_references"[0m
  [4;36;1mSQL (0.1ms)[0m   [0;1mINSERT INTO schema_migrations (version) VALUES ('20100101192755')[0m
** Erubis 2.7.0
  [4;36;1mSQL (1.2ms)[0m   [0;1m SELECT name
 FROM sqlite_master
 WHERE type = 'table' AND NOT name = 'sqlite_sequence'
[0m
  [4;35;1mSQL (0.4ms)[0m   [0mselect sqlite_version(*)[0m
  [4;36;1mSQL (27.8ms)[0m   [0;1mCREATE TABLE "schema_migrations" ("version" varchar(255) NOT NULL) [0m
  [4;35;1mSQL (0.2ms)[0m   [0mPRAGMA index_list("schema_migrations")[0m
  [4;36;1mSQL (55.9ms)[0m   [0;1mCREATE UNIQUE INDEX "unique_schema_migrations" ON "schema_migrations" ("version")[0m
  [4;35;1mSQL (1.4ms)[0m   [0m SELECT name
 FROM sqlite_master
 WHERE type = 'table' AND NOT name = 'sqlite_sequence'
[0m
  [4;36;1mSQL (0.5ms)[0m   [0;1mSELECT version FROM schema_migrations[0m
Migrating to Beta1Schema (1)
  [4;35;1mSQL (0.6ms)[0m   [0m SELECT name
 FROM sqlite_master
 WHERE type = 'table' AND NOT name = 'sqlite_sequence'
[0m
  [4;36;1mSQL (1.5ms)[0m   [0;1mCREATE TABLE "pages" ("id" INTEGER PRIMARY KEY AUTOINCREMENT NOT NULL, "created_at" datetime NOT NULL, "updated_at" datetime NOT NULL, "web_id" integer DEFAULT 0 NOT NULL, "locked_by" varchar(60), "name" varchar(60), "locked_at" datetime) [0m
  [4;35;1mSQL (0.6ms)[0m   [0m SELECT name
 FROM sqlite_master
 WHERE type = 'table' AND NOT name = 'sqlite_sequence'
[0m
  [4;36;1mSQL (0.7ms)[0m   [0;1mCREATE TABLE "revisions" ("id" INTEGER PRIMARY KEY AUTOINCREMENT NOT NULL, "created_at" datetime NOT NULL, "updated_at" datetime NOT NULL, "revised_at" datetime NOT NULL, "page_id" integer DEFAULT 0 NOT NULL, "content" text, "author" varchar(60), "ip" varchar(60)) [0m
  [4;35;1mSQL (0.6ms)[0m   [0m SELECT name
 FROM sqlite_master
 WHERE type = 'table' AND NOT name = 'sqlite_sequence'
[0m
  [4;36;1mSQL (1.0ms)[0m   [0;1mCREATE TABLE "system" ("id" INTEGER PRIMARY KEY AUTOINCREMENT NOT NULL, "password" varchar(60)) [0m
  [4;35;1mSQL (0.6ms)[0m   [0m SELECT name
 FROM sqlite_master
 WHERE type = 'table' AND NOT name = 'sqlite_sequence'
[0m
  [4;36;1mSQL (0.9ms)[0m   [0;1mCREATE TABLE "webs" ("id" INTEGER PRIMARY KEY AUTOINCREMENT NOT NULL, "created_at" datetime NOT NULL, "updated_at" datetime NOT NULL, "name" varchar(60) DEFAULT '' NOT NULL, "address" varchar(60) DEFAULT '' NOT NULL, "password" varchar(60), "additional_style" varchar(255), "allow_uploads" integer DEFAULT 1, "published" integer DEFAULT 0, "count_pages" integer DEFAULT 0, "markup" varchar(50) DEFAULT 'markdownMML', "color" varchar(6) DEFAULT '008B26', "max_upload_size" integer DEFAULT 100, "safe_mode" integer DEFAULT 0, "brackets_only" integer DEFAULT 0) [0m
  [4;35;1mSQL (33.8ms)[0m   [0m SELECT name
 FROM sqlite_master
 WHERE type = 'table' AND NOT name = 'sqlite_sequence'
[0m
  [4;36;1mSQL (0.7ms)[0m   [0;1mCREATE TABLE "wiki_references" ("id" INTEGER PRIMARY KEY AUTOINCREMENT NOT NULL, "created_at" datetime NOT NULL, "updated_at" datetime NOT NULL, "page_id" integer DEFAULT 0 NOT NULL, "referenced_name" varchar(60) DEFAULT '' NOT NULL, "link_type" varchar(1) DEFAULT '' NOT NULL) [0m
  [4;35;1mSQL (0.5ms)[0m   [0mINSERT INTO schema_migrations (version) VALUES ('1')[0m
Migrating to Beta2ChangesBulk (2)
  [4;36;1mSQL (0.2ms)[0m   [0;1mPRAGMA index_list("revisions")[0m
  [4;35;1mSQL (1.1ms)[0m   [0mCREATE INDEX "index_revisions_on_page_id" ON "revisions" ("page_id")[0m
  [4;36;1mSQL (0.4ms)[0m   [0;1mPRAGMA index_list("revisions")[0m
  [4;35;1mSQL (0.2ms)[0m   [0mPRAGMA index_info('index_revisions_on_page_id')[0m
  [4;36;1mSQL (0.4ms)[0m   [0;1mCREATE INDEX "index_revisions_on_created_at" ON "revisions" ("created_at")[0m
  [4;35;1mSQL (0.3ms)[0m   [0mPRAGMA index_list("revisions")[0m
  [4;36;1mSQL (0.2ms)[0m   [0;1mPRAGMA index_info('index_revisions_on_created_at')[0m
  [4;35;1mSQL (0.2ms)[0m   [0mPRAGMA index_info('index_revisions_on_page_id')[0m
  [4;36;1mSQL (0.7ms)[0m   [0;1mCREATE INDEX "index_revisions_on_author" ON "revisions" ("author")[0m
  [4;35;1mSQL (138.4ms)[0m   [0m SELECT name
 FROM sqlite_master
 WHERE type = 'table' AND NOT name = 'sqlite_sequence'
[0m
  [4;36;1mSQL (0.6ms)[0m   [0;1mCREATE TABLE "sessions" ("id" INTEGER PRIMARY KEY AUTOINCREMENT NOT NULL, "session_id" varchar(255), "data" text, "updated_at" datetime) [0m
  [4;35;1mSQL (0.2ms)[0m   [0mPRAGMA index_list("sessions")[0m
  [4;36;1mSQL (0.6ms)[0m   [0;1mCREATE INDEX "index_sessions_on_session_id" ON "sessions" ("session_id")[0m
  [4;35;1mSQL (0.7ms)[0m   [0m SELECT name
 FROM sqlite_master
 WHERE type = 'table' AND NOT name = 'sqlite_sequence'
[0m
  [4;36;1mSQL (1.0ms)[0m   [0;1mCREATE TABLE "wiki_files" ("id" INTEGER PRIMARY KEY AUTOINCREMENT NOT NULL, "created_at" datetime NOT NULL, "updated_at" datetime NOT NULL, "web_id" integer NOT NULL, "file_name" varchar(255) NOT NULL, "description" varchar(255) NOT NULL) [0m
  [4;35;1mSQL (0.3ms)[0m   [0mPRAGMA index_list("wiki_references")[0m
  [4;36;1mSQL (0.8ms)[0m   [0;1mCREATE INDEX "index_wiki_references_on_page_id" ON "wiki_references" ("page_id")[0m
  [4;35;1mSQL (2.3ms)[0m   [0mPRAGMA index_list("wiki_references")[0m
  [4;36;1mSQL (0.5ms)[0m   [0;1mPRAGMA index_info('index_wiki_references_on_page_id')[0m
  [4;35;1mSQL (0.7ms)[0m   [0mCREATE INDEX "index_wiki_references_on_referenced_name" ON "wiki_references" ("referenced_name")[0m
  [4;36;1mSQL (0.4ms)[0m   [0;1mINSERT INTO schema_migrations (version) VALUES ('2')[0m
Migrating to ModifyTextTypes (20091021024908)
  [4;35;1mSQL (124.6ms)[0m   [0mCREATE TEMPORARY TABLE "altered_revisions" ("id" INTEGER PRIMARY KEY AUTOINCREMENT NOT NULL, "created_at" datetime NOT NULL, "updated_at" datetime NOT NULL, "revised_at" datetime NOT NULL, "page_id" integer DEFAULT 0 NOT NULL, "content" text, "author" varchar(60), "ip" varchar(60)) [0m
  [4;36;1mSQL (0.4ms)[0m   [0;1mPRAGMA index_list("revisions")[0m
  [4;35;1mSQL (75.2ms)[0m   [0mPRAGMA index_info('index_revisions_on_author')[0m
  [4;36;1mSQL (0.4ms)[0m   [0;1mPRAGMA index_info('index_revisions_on_created_at')[0m
  [4;35;1mSQL (0.2ms)[0m   [0mPRAGMA index_info('index_revisions_on_page_id')[0m
  [4;36;1mSQL (0.1ms)[0m   [0;1mPRAGMA index_list("altered_revisions")[0m
  [4;35;1mSQL (0.5ms)[0m   [0mCREATE INDEX "temp_index_altered_revisions_on_author" ON "altered_revisions" ("author")[0m
  [4;36;1mSQL (0.2ms)[0m   [0;1mPRAGMA index_list("altered_revisions")[0m
  [4;35;1mSQL (0.2ms)[0m   [0mPRAGMA index_info('temp_index_altered_revisions_on_author')[0m
  [4;36;1mSQL (0.4ms)[0m   [0;1mCREATE INDEX "temp_index_altered_revisions_on_created_at" ON "altered_revisions" ("created_at")[0m
  [4;35;1mSQL (0.3ms)[0m   [0mPRAGMA index_list("altered_revisions")[0m
  [4;36;1mSQL (0.2ms)[0m   [0;1mPRAGMA index_info('temp_index_altered_revisions_on_created_at')[0m
  [4;35;1mSQL (0.4ms)[0m   [0mPRAGMA index_info('temp_index_altered_revisions_on_author')[0m
  [4;36;1mSQL (0.5ms)[0m   [0;1mCREATE INDEX "temp_index_altered_revisions_on_page_id" ON "altered_revisions" ("page_id")[0m
  [4;35;1mSQL (1.2ms)[0m   [0mDROP TABLE "revisions"[0m
  [4;36;1mSQL (48.5ms)[0m   [0;1mCREATE TABLE "revisions" ("id" INTEGER PRIMARY KEY AUTOINCREMENT NOT NULL, "created_at" datetime NOT NULL, "updated_at" datetime NOT NULL, "revised_at" datetime NOT NULL, "page_id" integer DEFAULT 0 NOT NULL, "content" text(16777215), "author" varchar(60), "ip" varchar(60)) [0m
  [4;35;1mSQL (2.1ms)[0m   [0mPRAGMA index_list("altered_revisions")[0m
  [4;36;1mSQL (0.3ms)[0m   [0;1mPRAGMA index_info('temp_index_altered_revisions_on_page_id')[0m
  [4;35;1mSQL (0.3ms)[0m   [0mPRAGMA index_info('temp_index_altered_revisions_on_created_at')[0m
  [4;36;1mSQL (0.3ms)[0m   [0;1mPRAGMA index_info('temp_index_altered_revisions_on_author')[0m
  [4;35;1mSQL (0.1ms)[0m   [0mPRAGMA index_list("revisions")[0m
  [4;36;1mSQL (0.8ms)[0m   [0;1mCREATE INDEX "index_revisions_on_page_id" ON "revisions" ("page_id")[0m
  [4;35;1mSQL (0.4ms)[0m   [0mPRAGMA index_list("revisions")[0m
  [4;36;1mSQL (0.2ms)[0m   [0;1mPRAGMA index_info('index_revisions_on_page_id')[0m
  [4;35;1mSQL (0.5ms)[0m   [0mCREATE INDEX "index_revisions_on_created_at" ON "revisions" ("created_at")[0m
  [4;36;1mSQL (0.5ms)[0m   [0;1mPRAGMA index_list("revisions")[0m
  [4;35;1mSQL (0.4ms)[0m   [0mPRAGMA index_info('index_revisions_on_created_at')[0m
  [4;36;1mSQL (1.6ms)[0m   [0;1mPRAGMA index_info('index_revisions_on_page_id')[0m
  [4;35;1mSQL (1.2ms)[0m   [0mCREATE INDEX "index_revisions_on_author" ON "revisions" ("author")[0m
  [4;36;1mSQL (29.8ms)[0m   [0;1mDROP TABLE "altered_revisions"[0m
  [4;35;1mSQL (18.8ms)[0m   [0mCREATE TEMPORARY TABLE "altered_pages" ("id" INTEGER PRIMARY KEY AUTOINCREMENT NOT NULL, "created_at" datetime NOT NULL, "updated_at" datetime NOT NULL, "web_id" integer DEFAULT 0 NOT NULL, "locked_by" varchar(60), "name" varchar(60), "locked_at" datetime) [0m
  [4;36;1mSQL (0.2ms)[0m   [0;1mPRAGMA index_list("pages")[0m
  [4;35;1mSQL (1.6ms)[0m   [0mDROP TABLE "pages"[0m
  [4;36;1mSQL (22.9ms)[0m   [0;1mCREATE TABLE "pages" ("id" INTEGER PRIMARY KEY AUTOINCREMENT NOT NULL, "created_at" datetime NOT NULL, "updated_at" datetime NOT NULL, "web_id" integer DEFAULT 0 NOT NULL, "locked_by" varchar(60), "name" varchar(255), "locked_at" datetime) [0m
  [4;35;1mSQL (0.2ms)[0m   [0mPRAGMA index_list("altered_pages")[0m
  [4;36;1mSQL (0.4ms)[0m   [0;1mDROP TABLE "altered_pages"[0m
  [4;35;1mSQL (47.2ms)[0m   [0mCREATE TEMPORARY TABLE "altered_webs" ("id" INTEGER PRIMARY KEY AUTOINCREMENT NOT NULL, "created_at" datetime NOT NULL, "updated_at" datetime NOT NULL, "name" varchar(60) DEFAULT '' NOT NULL, "address" varchar(60) DEFAULT '' NOT NULL, "password" varchar(60), "additional_style" varchar(255), "allow_uploads" integer DEFAULT 1, "published" integer DEFAULT 0, "count_pages" integer DEFAULT 0, "markup" varchar(50) DEFAULT 'markdownMML', "color" varchar(6) DEFAULT '008B26', "max_upload_size" integer DEFAULT 100, "safe_mode" integer DEFAULT 0, "brackets_only" integer DEFAULT 0) [0m
  [4;36;1mSQL (0.2ms)[0m   [0;1mPRAGMA index_list("webs")[0m
  [4;35;1mSQL (0.6ms)[0m   [0mDROP TABLE "webs"[0m
  [4;36;1mSQL (0.8ms)[0m   [0;1mCREATE TABLE "webs" ("id" INTEGER PRIMARY KEY AUTOINCREMENT NOT NULL, "created_at" datetime NOT NULL, "updated_at" datetime NOT NULL, "name" varchar(60) DEFAULT '' NOT NULL, "address" varchar(60) DEFAULT '' NOT NULL, "password" varchar(60), "additional_style" text(255), "allow_uploads" integer DEFAULT 1, "published" integer DEFAULT 0, "count_pages" integer DEFAULT 0, "markup" varchar(50) DEFAULT 'markdownMML', "color" varchar(6) DEFAULT '008B26', "max_upload_size" integer DEFAULT 100, "safe_mode" integer DEFAULT 0, "brackets_only" integer DEFAULT 0) [0m
  [4;35;1mSQL (0.1ms)[0m   [0mPRAGMA index_list("altered_webs")[0m
  [4;36;1mSQL (0.4ms)[0m   [0;1mDROP TABLE "altered_webs"[0m
  [4;35;1mSQL (0.9ms)[0m   [0mINSERT INTO schema_migrations (version) VALUES ('20091021024908')[0m
Migrating to ModifyReferencedNameType (20100101192755)
  [4;36;1mSQL (63.7ms)[0m   [0;1mCREATE TEMPORARY TABLE "altered_wiki_references" ("id" INTEGER PRIMARY KEY AUTOINCREMENT NOT NULL, "created_at" datetime NOT NULL, "updated_at" datetime NOT NULL, "page_id" integer DEFAULT 0 NOT NULL, "referenced_name" varchar(60) DEFAULT '' NOT NULL, "link_type" varchar(1) DEFAULT '' NOT NULL) [0m
  [4;35;1mSQL (0.4ms)[0m   [0mPRAGMA index_list("wiki_references")[0m
  [4;36;1mSQL (0.2ms)[0m   [0;1mPRAGMA index_info('index_wiki_references_on_referenced_name')[0m
  [4;35;1mSQL (0.2ms)[0m   [0mPRAGMA index_info('index_wiki_references_on_page_id')[0m
  [4;36;1mSQL (0.1ms)[0m   [0;1mPRAGMA index_list("altered_wiki_references")[0m
  [4;35;1mSQL (0.5ms)[0m   [0mCREATE INDEX "temp_index_altered_wiki_references_on_referenced_name" ON "altered_wiki_references" ("referenced_name")[0m
  [4;36;1mSQL (0.3ms)[0m   [0;1mPRAGMA index_list("altered_wiki_references")[0m
  [4;35;1mSQL (0.4ms)[0m   [0mPRAGMA index_info('temp_index_altered_wiki_references_on_referenced_name')[0m
  [4;36;1mSQL (0.6ms)[0m   [0;1mCREATE INDEX "temp_index_altered_wiki_references_on_page_id" ON "altered_wiki_references" ("page_id")[0m
  [4;35;1mSQL (25.9ms)[0m   [0mDROP TABLE "wiki_references"[0m
  [4;36;1mSQL (14.9ms)[0m   [0;1mCREATE TABLE "wiki_references" ("id" INTEGER PRIMARY KEY AUTOINCREMENT NOT NULL, "created_at" datetime NOT NULL, "updated_at" datetime NOT NULL, "page_id" integer DEFAULT 0 NOT NULL, "referenced_name" varchar(255) DEFAULT '' NOT NULL, "link_type" varchar(1) DEFAULT '' NOT NULL) [0m
  [4;35;1mSQL (0.4ms)[0m   [0mPRAGMA index_list("altered_wiki_references")[0m
  [4;36;1mSQL (0.2ms)[0m   [0;1mPRAGMA index_info('temp_index_altered_wiki_references_on_page_id')[0m
  [4;35;1mSQL (0.2ms)[0m   [0mPRAGMA index_info('temp_index_altered_wiki_references_on_referenced_name')[0m
  [4;36;1mSQL (0.2ms)[0m   [0;1mPRAGMA index_list("wiki_references")[0m
  [4;35;1mSQL (0.4ms)[0m   [0mCREATE INDEX "index_wiki_references_on_page_id" ON "wiki_references" ("page_id")[0m
  [4;36;1mSQL (0.2ms)[0m   [0;1mPRAGMA index_list("wiki_references")[0m
  [4;35;1mSQL (0.2ms)[0m   [0mPRAGMA index_info('index_wiki_references_on_page_id')[0m
  [4;36;1mSQL (0.5ms)[0m   [0;1mCREATE INDEX "index_wiki_references_on_referenced_name" ON "wiki_references" ("referenced_name")[0m
  [4;35;1mSQL (0.6ms)[0m   [0mDROP TABLE "altered_wiki_references"[0m
  [4;36;1mSQL (15.5ms)[0m   [0;1mINSERT INTO schema_migrations (version) VALUES ('20100101192755')[0m
** Erubis 2.7.0
  [4;36;1mSQL (1.1ms)[0m   [0;1m SELECT name
 FROM sqlite_master
 WHERE type = 'table' AND NOT name = 'sqlite_sequence'
[0m
  [4;35;1mSQL (25.9ms)[0m   [0mselect sqlite_version(*)[0m
  [4;36;1mSQL (18.8ms)[0m   [0;1mCREATE TABLE "schema_migrations" ("version" varchar(255) NOT NULL) [0m
  [4;35;1mSQL (0.2ms)[0m   [0mPRAGMA index_list("schema_migrations")[0m
  [4;36;1mSQL (3.1ms)[0m   [0;1mCREATE UNIQUE INDEX "unique_schema_migrations" ON "schema_migrations" ("version")[0m
  [4;35;1mSQL (0.6ms)[0m   [0m SELECT name
 FROM sqlite_master
 WHERE type = 'table' AND NOT name = 'sqlite_sequence'
[0m
  [4;36;1mSQL (0.3ms)[0m   [0;1mSELECT version FROM schema_migrations[0m
Migrating to Beta1Schema (1)
  [4;35;1mSQL (0.5ms)[0m   [0m SELECT name
 FROM sqlite_master
 WHERE type = 'table' AND NOT name = 'sqlite_sequence'
[0m
  [4;36;1mSQL (18.8ms)[0m   [0;1mCREATE TABLE "pages" ("id" INTEGER PRIMARY KEY AUTOINCREMENT NOT NULL, "created_at" datetime NOT NULL, "updated_at" datetime NOT NULL, "web_id" integer DEFAULT 0 NOT NULL, "locked_by" varchar(60), "name" varchar(60), "locked_at" datetime) [0m
  [4;35;1mSQL (0.4ms)[0m   [0m SELECT name
 FROM sqlite_master
 WHERE type = 'table' AND NOT name = 'sqlite_sequence'
[0m
  [4;36;1mSQL (0.9ms)[0m   [0;1mCREATE TABLE "revisions" ("id" INTEGER PRIMARY KEY AUTOINCREMENT NOT NULL, "created_at" datetime NOT NULL, "updated_at" datetime NOT NULL, "revised_at" datetime NOT NULL, "page_id" integer DEFAULT 0 NOT NULL, "content" text, "author" varchar(60), "ip" varchar(60)) [0m
  [4;35;1mSQL (0.5ms)[0m   [0m SELECT name
 FROM sqlite_master
 WHERE type = 'table' AND NOT name = 'sqlite_sequence'
[0m
  [4;36;1mSQL (0.5ms)[0m   [0;1mCREATE TABLE "system" ("id" INTEGER PRIMARY KEY AUTOINCREMENT NOT NULL, "password" varchar(60)) [0m
  [4;35;1mSQL (0.5ms)[0m   [0m SELECT name
 FROM sqlite_master
 WHERE type = 'table' AND NOT name = 'sqlite_sequence'
[0m
  [4;36;1mSQL (0.7ms)[0m   [0;1mCREATE TABLE "webs" ("id" INTEGER PRIMARY KEY AUTOINCREMENT NOT NULL, "created_at" datetime NOT NULL, "updated_at" datetime NOT NULL, "name" varchar(60) DEFAULT '' NOT NULL, "address" varchar(60) DEFAULT '' NOT NULL, "password" varchar(60), "additional_style" varchar(255), "allow_uploads" integer DEFAULT 1, "published" integer DEFAULT 0, "count_pages" integer DEFAULT 0, "markup" varchar(50) DEFAULT 'markdownMML', "color" varchar(6) DEFAULT '008B26', "max_upload_size" integer DEFAULT 100, "safe_mode" integer DEFAULT 0, "brackets_only" integer DEFAULT 0) [0m
  [4;35;1mSQL (21.6ms)[0m   [0m SELECT name
 FROM sqlite_master
 WHERE type = 'table' AND NOT name = 'sqlite_sequence'
[0m
  [4;36;1mSQL (0.7ms)[0m   [0;1mCREATE TABLE "wiki_references" ("id" INTEGER PRIMARY KEY AUTOINCREMENT NOT NULL, "created_at" datetime NOT NULL, "updated_at" datetime NOT NULL, "page_id" integer DEFAULT 0 NOT NULL, "referenced_name" varchar(60) DEFAULT '' NOT NULL, "link_type" varchar(1) DEFAULT '' NOT NULL) [0m
  [4;35;1mSQL (0.4ms)[0m   [0mINSERT INTO schema_migrations (version) VALUES ('1')[0m
Migrating to Beta2ChangesBulk (2)
  [4;36;1mSQL (0.2ms)[0m   [0;1mPRAGMA index_list("revisions")[0m
  [4;35;1mSQL (1.1ms)[0m   [0mCREATE INDEX "index_revisions_on_page_id" ON "revisions" ("page_id")[0m
  [4;36;1mSQL (0.4ms)[0m   [0;1mPRAGMA index_list("revisions")[0m
  [4;35;1mSQL (0.2ms)[0m   [0mPRAGMA index_info('index_revisions_on_page_id')[0m
  [4;36;1mSQL (0.5ms)[0m   [0;1mCREATE INDEX "index_revisions_on_created_at" ON "revisions" ("created_at")[0m
  [4;35;1mSQL (0.3ms)[0m   [0mPRAGMA index_list("revisions")[0m
  [4;36;1mSQL (0.2ms)[0m   [0;1mPRAGMA index_info('index_revisions_on_created_at')[0m
  [4;35;1mSQL (0.2ms)[0m   [0mPRAGMA index_info('index_revisions_on_page_id')[0m
  [4;36;1mSQL (0.4ms)[0m   [0;1mCREATE INDEX "index_revisions_on_author" ON "revisions" ("author")[0m
  [4;35;1mSQL (0.6ms)[0m   [0m SELECT name
 FROM sqlite_master
 WHERE type = 'table' AND NOT name = 'sqlite_sequence'
[0m
  [4;36;1mSQL (0.6ms)[0m   [0;1mCREATE TABLE "sessions" ("id" INTEGER PRIMARY KEY AUTOINCREMENT NOT NULL, "session_id" varchar(255), "data" text, "updated_at" datetime) [0m
  [4;35;1mSQL (0.1ms)[0m   [0mPRAGMA index_list("sessions")[0m
  [4;36;1mSQL (2.8ms)[0m   [0;1mCREATE INDEX "index_sessions_on_session_id" ON "sessions" ("session_id")[0m
  [4;35;1mSQL (0.6ms)[0m   [0m SELECT name
 FROM sqlite_master
 WHERE type = 'table' AND NOT name = 'sqlite_sequence'
[0m
  [4;36;1mSQL (1.1ms)[0m   [0;1mCREATE TABLE "wiki_files" ("id" INTEGER PRIMARY KEY AUTOINCREMENT NOT NULL, "created_at" datetime NOT NULL, "updated_at" datetime NOT NULL, "web_id" integer NOT NULL, "file_name" varchar(255) NOT NULL, "description" varchar(255) NOT NULL) [0m
  [4;35;1mSQL (0.1ms)[0m   [0mPRAGMA index_list("wiki_references")[0m
  [4;36;1mSQL (0.4ms)[0m   [0;1mCREATE INDEX "index_wiki_references_on_page_id" ON "wiki_references" ("page_id")[0m
  [4;35;1mSQL (1.3ms)[0m   [0mPRAGMA index_list("wiki_references")[0m
  [4;36;1mSQL (2.0ms)[0m   [0;1mPRAGMA index_info('index_wiki_references_on_page_id')[0m
  [4;35;1mSQL (0.5ms)[0m   [0mCREATE INDEX "index_wiki_references_on_referenced_name" ON "wiki_references" ("referenced_name")[0m
  [4;36;1mSQL (0.4ms)[0m   [0;1mINSERT INTO schema_migrations (version) VALUES ('2')[0m
Migrating to ModifyTextTypes (20091021024908)
  [4;35;1mSQL (1.5ms)[0m   [0mCREATE TEMPORARY TABLE "altered_revisions" ("id" INTEGER PRIMARY KEY AUTOINCREMENT NOT NULL, "created_at" datetime NOT NULL, "updated_at" datetime NOT NULL, "revised_at" datetime NOT NULL, "page_id" integer DEFAULT 0 NOT NULL, "content" text, "author" varchar(60), "ip" varchar(60)) [0m
  [4;36;1mSQL (0.3ms)[0m   [0;1mPRAGMA index_list("revisions")[0m
  [4;35;1mSQL (0.2ms)[0m   [0mPRAGMA index_info('index_revisions_on_author')[0m
  [4;36;1mSQL (18.2ms)[0m   [0;1mPRAGMA index_info('index_revisions_on_created_at')[0m
  [4;35;1mSQL (1.5ms)[0m   [0mPRAGMA index_info('index_revisions_on_page_id')[0m
  [4;36;1mSQL (0.1ms)[0m   [0;1mPRAGMA index_list("altered_revisions")[0m
  [4;35;1mSQL (0.6ms)[0m   [0mCREATE INDEX "temp_index_altered_revisions_on_author" ON "altered_revisions" ("author")[0m
  [4;36;1mSQL (0.4ms)[0m   [0;1mPRAGMA index_list("altered_revisions")[0m
  [4;35;1mSQL (0.2ms)[0m   [0mPRAGMA index_info('temp_index_altered_revisions_on_author')[0m
  [4;36;1mSQL (0.4ms)[0m   [0;1mCREATE INDEX "temp_index_altered_revisions_on_created_at" ON "altered_revisions" ("created_at")[0m
  [4;35;1mSQL (2.6ms)[0m   [0mPRAGMA index_list("altered_revisions")[0m
  [4;36;1mSQL (0.6ms)[0m   [0;1mPRAGMA index_info('temp_index_altered_revisions_on_created_at')[0m
  [4;35;1mSQL (0.2ms)[0m   [0mPRAGMA index_info('temp_index_altered_revisions_on_author')[0m
  [4;36;1mSQL (0.7ms)[0m   [0;1mCREATE INDEX "temp_index_altered_revisions_on_page_id" ON "altered_revisions" ("page_id")[0m
  [4;35;1mSQL (1.6ms)[0m   [0mDROP TABLE "revisions"[0m
  [4;36;1mSQL (0.5ms)[0m   [0;1mCREATE TABLE "revisions" ("id" INTEGER PRIMARY KEY AUTOINCREMENT NOT NULL, "created_at" datetime NOT NULL, "updated_at" datetime NOT NULL, "revised_at" datetime NOT NULL, "page_id" integer DEFAULT 0 NOT NULL, "content" text(16777215), "author" varchar(60), "ip" varchar(60)) [0m
  [4;35;1mSQL (0.3ms)[0m   [0mPRAGMA index_list("altered_revisions")[0m
  [4;36;1mSQL (0.2ms)[0m   [0;1mPRAGMA index_info('temp_index_altered_revisions_on_page_id')[0m
  [4;35;1mSQL (0.2ms)[0m   [0mPRAGMA index_info('temp_index_altered_revisions_on_created_at')[0m
  [4;36;1mSQL (0.2ms)[0m   [0;1mPRAGMA index_info('temp_index_altered_revisions_on_author')[0m
  [4;35;1mSQL (0.1ms)[0m   [0mPRAGMA index_list("revisions")[0m
  [4;36;1mSQL (0.4ms)[0m   [0;1mCREATE INDEX "index_revisions_on_page_id" ON "revisions" ("page_id")[0m
  [4;35;1mSQL (0.2ms)[0m   [0mPRAGMA index_list("revisions")[0m
  [4;36;1mSQL (0.3ms)[0m   [0;1mPRAGMA index_info('index_revisions_on_page_id')[0m
  [4;35;1mSQL (0.4ms)[0m   [0mCREATE INDEX "index_revisions_on_created_at" ON "revisions" ("created_at")[0m
  [4;36;1mSQL (0.4ms)[0m   [0;1mPRAGMA index_list("revisions")[0m
  [4;35;1mSQL (0.2ms)[0m   [0mPRAGMA index_info('index_revisions_on_created_at')[0m
  [4;36;1mSQL (0.2ms)[0m   [0;1mPRAGMA index_info('index_revisions_on_page_id')[0m
  [4;35;1mSQL (0.4ms)[0m   [0mCREATE INDEX "index_revisions_on_author" ON "revisions" ("author")[0m
  [4;36;1mSQL (1.4ms)[0m   [0;1mDROP TABLE "altered_revisions"[0m
  [4;35;1mSQL (0.7ms)[0m   [0mCREATE TEMPORARY TABLE "altered_pages" ("id" INTEGER PRIMARY KEY AUTOINCREMENT NOT NULL, "created_at" datetime NOT NULL, "updated_at" datetime NOT NULL, "web_id" integer DEFAULT 0 NOT NULL, "locked_by" varchar(60), "name" varchar(60), "locked_at" datetime) [0m
  [4;36;1mSQL (0.1ms)[0m   [0;1mPRAGMA index_list("pages")[0m
  [4;35;1mSQL (19.1ms)[0m   [0mDROP TABLE "pages"[0m
  [4;36;1mSQL (0.6ms)[0m   [0;1mCREATE TABLE "pages" ("id" INTEGER PRIMARY KEY AUTOINCREMENT NOT NULL, "created_at" datetime NOT NULL, "updated_at" datetime NOT NULL, "web_id" integer DEFAULT 0 NOT NULL, "locked_by" varchar(60), "name" varchar(255), "locked_at" datetime) [0m
  [4;35;1mSQL (0.2ms)[0m   [0mPRAGMA index_list("altered_pages")[0m
  [4;36;1mSQL (0.4ms)[0m   [0;1mDROP TABLE "altered_pages"[0m
  [4;35;1mSQL (0.7ms)[0m   [0mCREATE TEMPORARY TABLE "altered_webs" ("id" INTEGER PRIMARY KEY AUTOINCREMENT NOT NULL, "created_at" datetime NOT NULL, "updated_at" datetime NOT NULL, "name" varchar(60) DEFAULT '' NOT NULL, "address" varchar(60) DEFAULT '' NOT NULL, "password" varchar(60), "additional_style" varchar(255), "allow_uploads" integer DEFAULT 1, "published" integer DEFAULT 0, "count_pages" integer DEFAULT 0, "markup" varchar(50) DEFAULT 'markdownMML', "color" varchar(6) DEFAULT '008B26', "max_upload_size" integer DEFAULT 100, "safe_mode" integer DEFAULT 0, "brackets_only" integer DEFAULT 0) [0m
  [4;36;1mSQL (0.2ms)[0m   [0;1mPRAGMA index_list("webs")[0m
  [4;35;1mSQL (0.7ms)[0m   [0mDROP TABLE "webs"[0m
  [4;36;1mSQL (20.3ms)[0m   [0;1mCREATE TABLE "webs" ("id" INTEGER PRIMARY KEY AUTOINCREMENT NOT NULL, "created_at" datetime NOT NULL, "updated_at" datetime NOT NULL, "name" varchar(60) DEFAULT '' NOT NULL, "address" varchar(60) DEFAULT '' NOT NULL, "password" varchar(60), "additional_style" text(255), "allow_uploads" integer DEFAULT 1, "published" integer DEFAULT 0, "count_pages" integer DEFAULT 0, "markup" varchar(50) DEFAULT 'markdownMML', "color" varchar(6) DEFAULT '008B26', "max_upload_size" integer DEFAULT 100, "safe_mode" integer DEFAULT 0, "brackets_only" integer DEFAULT 0) [0m
  [4;35;1mSQL (0.1ms)[0m   [0mPRAGMA index_list("altered_webs")[0m
  [4;36;1mSQL (1.7ms)[0m   [0;1mDROP TABLE "altered_webs"[0m
  [4;35;1mSQL (0.6ms)[0m   [0mINSERT INTO schema_migrations (version) VALUES ('20091021024908')[0m
Migrating to ModifyReferencedNameType (20100101192755)
  [4;36;1mSQL (0.9ms)[0m   [0;1mCREATE TEMPORARY TABLE "altered_wiki_references" ("id" INTEGER PRIMARY KEY AUTOINCREMENT NOT NULL, "created_at" datetime NOT NULL, "updated_at" datetime NOT NULL, "page_id" integer DEFAULT 0 NOT NULL, "referenced_name" varchar(60) DEFAULT '' NOT NULL, "link_type" varchar(1) DEFAULT '' NOT NULL) [0m
  [4;35;1mSQL (0.3ms)[0m   [0mPRAGMA index_list("wiki_references")[0m
  [4;36;1mSQL (0.2ms)[0m   [0;1mPRAGMA index_info('index_wiki_references_on_referenced_name')[0m
  [4;35;1mSQL (0.2ms)[0m   [0mPRAGMA index_info('index_wiki_references_on_page_id')[0m
  [4;36;1mSQL (0.2ms)[0m   [0;1mPRAGMA index_list("altered_wiki_references")[0m
  [4;35;1mSQL (3.1ms)[0m   [0mCREATE INDEX "temp_index_altered_wiki_references_on_referenced_name" ON "altered_wiki_references" ("referenced_name")[0m
  [4;36;1mSQL (0.2ms)[0m   [0;1mPRAGMA index_list("altered_wiki_references")[0m
  [4;35;1mSQL (0.9ms)[0m   [0mPRAGMA index_info('temp_index_altered_wiki_references_on_referenced_name')[0m
  [4;36;1mSQL (0.7ms)[0m   [0;1mCREATE INDEX "temp_index_altered_wiki_references_on_page_id" ON "altered_wiki_references" ("page_id")[0m
  [4;35;1mSQL (32.6ms)[0m   [0mDROP TABLE "wiki_references"[0m
  [4;36;1mSQL (0.6ms)[0m   [0;1mCREATE TABLE "wiki_references" ("id" INTEGER PRIMARY KEY AUTOINCREMENT NOT NULL, "created_at" datetime NOT NULL, "updated_at" datetime NOT NULL, "page_id" integer DEFAULT 0 NOT NULL, "referenced_name" varchar(255) DEFAULT '' NOT NULL, "link_type" varchar(1) DEFAULT '' NOT NULL) [0m
  [4;35;1mSQL (0.9ms)[0m   [0mPRAGMA index_list("altered_wiki_references")[0m
  [4;36;1mSQL (0.2ms)[0m   [0;1mPRAGMA index_info('temp_index_altered_wiki_references_on_page_id')[0m
  [4;35;1mSQL (0.2ms)[0m   [0mPRAGMA index_info('temp_index_altered_wiki_references_on_referenced_name')[0m
  [4;36;1mSQL (0.2ms)[0m   [0;1mPRAGMA index_list("wiki_references")[0m
  [4;35;1mSQL (0.6ms)[0m   [0mCREATE INDEX "index_wiki_references_on_page_id" ON "wiki_references" ("page_id")[0m
  [4;36;1mSQL (19.8ms)[0m   [0;1mPRAGMA index_list("wiki_references")[0m
  [4;35;1mSQL (0.4ms)[0m   [0mPRAGMA index_info('index_wiki_references_on_page_id')[0m
  [4;36;1mSQL (1.0ms)[0m   [0;1mCREATE INDEX "index_wiki_references_on_referenced_name" ON "wiki_references" ("referenced_name")[0m
  [4;35;1mSQL (0.9ms)[0m   [0mDROP TABLE "altered_wiki_references"[0m
  [4;36;1mSQL (18.2ms)[0m   [0;1mINSERT INTO schema_migrations (version) VALUES ('20100101192755')[0m
