# Logfile created on Mon Jan 22 07:45:04 CST 2007 by logger.rb/1.5.2.7
Migrating to Beta1Schema (1)
Migrating to Beta2ChangesBulk (2)
Migrating to Beta1Schema (1)
Migrating to Beta2ChangesBulk (2)
** Erubis 2.7.0


Processing WikiController#index (for 127.0.0.1 at 2012-07-10 22:58:27) [GET]
Redirected to http://localhost:2500/create_system
Completed in 297ms (DB: 0) | 302 Found [http://localhost/]


Processing AdminController#create_system (for 127.0.0.1 at 2012-07-10 22:58:27) [GET]
Checking DNSBL 1.0.0.127.sbl-xbl.spamhaus.org
Checking DNSBL 1.0.0.127.bl.spamcop.net
127.0.0.1 added to DNSBL passed cache
Rendering template within layouts/default
Rendering admin/create_system
Completed in 1122ms (View: 134, DB: 0) | 200 OK [http://localhost/create_system]
** Erubis 2.7.0


Processing WikiController#index (for 127.0.0.1 at 2012-07-10 23:24:44) [GET]
Redirected to http://localhost:2500/create_system
Completed in 21ms (DB: 0) | 302 Found [http://localhost/]


Processing AdminController#create_system (for 127.0.0.1 at 2012-07-10 23:24:44) [GET]
Checking DNSBL 1.0.0.127.sbl-xbl.spamhaus.org
Checking DNSBL 1.0.0.127.bl.spamcop.net
127.0.0.1 added to DNSBL passed cache
Rendering template within layouts/default
Rendering admin/create_system
Completed in 1271ms (View: 112, DB: 0) | 200 OK [http://localhost/create_system]


Processing AdminController#create_system (for 127.0.0.1 at 2012-07-10 23:25:13) [POST]
  Parameters: {"_form_key"=>"1c5cad76384f70b5c41a478449f1b72b43bdba28", "web_address"=>"wiki", "web_name"=>"Brainstorm Technologies", "password"=>"brainhubber", "password_check"=>"brainhubber"}
Expired fragment: views/wiki/recently_revised (0.3ms)
Expired fragment: views/wiki/list (0.2ms)
Expired fragment: views/wiki/authors (0.2ms)
Expired fragment: views/wiki/atom_with_content (0.2ms)
Expired fragment: views/wiki/atom_with_headlines (0.2ms)
Expired fragment: views/wiki/file_list (0.2ms)
Expired fragment: views/wiki/file_list/file_name (0.2ms)
Expired fragment: views/wiki/file_list/created_at (0.2ms)
Expired fragment: views/wiki/recently_revised (0.2ms)
Expired fragment: views/wiki/list (0.2ms)
Expired fragment: views/wiki/authors (0.2ms)
Expired fragment: views/wiki/atom_with_content (0.2ms)
Expired fragment: views/wiki/atom_with_headlines (0.2ms)
Expired fragment: views/wiki/file_list (0.2ms)
Expired fragment: views/wiki/file_list/file_name (0.3ms)
Expired fragment: views/wiki/file_list/created_at (0.2ms)
Expired fragment: views/wiki/recently_revised (0.2ms)
Expired fragment: views/wiki/list (0.1ms)
Expired fragment: views/wiki/authors (0.1ms)
Expired fragment: views/wiki/atom_with_content (0.1ms)
Expired fragment: views/wiki/atom_with_headlines (0.2ms)
Expired fragment: views/wiki/file_list (0.2ms)
Expired fragment: views/wiki/file_list/file_name (0.1ms)
Expired fragment: views/wiki/file_list/created_at (0.1ms)
Redirected to http://localhost:2500/wiki/new/HomePage
Completed in 98ms (DB: 52) | 302 Found [http://localhost/create_system]


Processing WikiController#new (for 127.0.0.1 at 2012-07-10 23:25:13) [GET]
  Parameters: {"id"=>"HomePage", "web"=>"wiki"}
Reading page 'HomePage' from web 'wiki'
Page 'HomePage' not found
Rendering template within layouts/default
Rendering wiki/new
Completed in 165ms (View: 161, DB: 1) | 200 OK [http://localhost/wiki/new/HomePage]
** Erubis 2.7.0


Processing WikiController#index (for 127.0.0.1 at 2012-07-11 00:48:17) [GET]
Redirected to http://localhost:2500/wiki/show/HomePage
Completed in 110ms (DB: 0) | 302 Found [http://localhost/]


Processing WikiController#show (for 127.0.0.1 at 2012-07-11 00:48:18) [GET]
  Parameters: {"web"=>"wiki", "id"=>"HomePage"}
Reading page 'HomePage' from web 'wiki'
Page 'HomePage' not found
Cached fragment hit: views/wiki/show/HomePage (0.2ms)
Redirected to http://localhost:2500/wiki/new/HomePage
Completed in 5ms (DB: 1) | 302 Found [http://localhost/wiki/show/HomePage]


Processing WikiController#new (for 127.0.0.1 at 2012-07-11 00:48:18) [GET]
  Parameters: {"web"=>"wiki", "id"=>"HomePage"}
Reading page 'HomePage' from web 'wiki'
Page 'HomePage' not found
Checking DNSBL 1.0.0.127.bl.spamcop.net
Checking DNSBL 1.0.0.127.sbl-xbl.spamhaus.org
127.0.0.1 added to DNSBL passed cache
Rendering template within layouts/default
Rendering wiki/new
Completed in 747ms (View: 72, DB: 1) | 200 OK [http://localhost/wiki/new/HomePage]


Processing AdminController#create_system (for 127.0.0.1 at 2012-07-11 00:48:28) [GET]
Redirected to http://localhost:2500/wiki/show/HomePage
Completed in 5ms (DB: 1) | 302 Found [http://localhost/create_system]


Processing WikiController#show (for 127.0.0.1 at 2012-07-11 00:48:28) [GET]
  Parameters: {"web"=>"wiki", "id"=>"HomePage"}
Reading page 'HomePage' from web 'wiki'
Page 'HomePage' not found
Redirected to http://localhost:2500/wiki/new/HomePage
Completed in 5ms (DB: 1) | 302 Found [http://localhost/wiki/show/HomePage]


Processing WikiController#new (for 127.0.0.1 at 2012-07-11 00:48:28) [GET]
  Parameters: {"web"=>"wiki", "id"=>"HomePage"}
Reading page 'HomePage' from web 'wiki'
Page 'HomePage' not found
Rendering template within layouts/default
Rendering wiki/new
Completed in 125ms (View: 122, DB: 1) | 200 OK [http://localhost/wiki/new/HomePage]


Processing WikiController#save (for 127.0.0.1 at 2012-07-11 00:48:47) [POST]
  Parameters: {"_form_key"=>"947f0c7237617cbc182784fcdb518a859339d027", "web"=>"wiki", "author"=>"Sentul", "id"=>"HomePage", "content"=>"test"}
Reading page 'HomePage' from web 'wiki'
Page 'HomePage' not found
127.0.0.1
Maruku took 0.037091 seconds.
Maruku took 0.000708 seconds.
Expired fragment: views/wiki/show/HomePage (0.3ms)
Expired fragment: views/wiki/published/HomePage (0.2ms)
Expired fragment: views/wiki/s5/HomePage (0.2ms)
Expired fragment: views/wiki/tex/HomePage (0.2ms)
Expired fragment: views/wiki/print/HomePage (0.2ms)
Expired fragment: views/wiki/history/HomePage (0.2ms)
Expired fragment: views/wiki/source/HomePage (0.2ms)
Expired fragment: views/wiki/show/diff/HomePage (0.2ms)
Expired fragment: views/wiki/recently_revised (0.2ms)
Expired fragment: views/wiki/list (0.2ms)
Expired fragment: views/wiki/authors (0.2ms)
Expired fragment: views/wiki/atom_with_content (0.2ms)
Expired fragment: views/wiki/atom_with_headlines (0.2ms)
Expired fragment: views/wiki/file_list (0.2ms)
Expired fragment: views/wiki/file_list/file_name (0.2ms)
Expired fragment: views/wiki/file_list/created_at (0.2ms)
Expired fragment: views/wiki/show/HomePage (0.2ms)
Expired fragment: views/wiki/published/HomePage (0.2ms)
Expired fragment: views/wiki/s5/HomePage (0.2ms)
Expired fragment: views/wiki/tex/HomePage (0.2ms)
Expired fragment: views/wiki/print/HomePage (0.2ms)
Expired fragment: views/wiki/history/HomePage (0.2ms)
Expired fragment: views/wiki/source/HomePage (0.2ms)
Expired fragment: views/wiki/show/diff/HomePage (0.2ms)
Redirected to http://localhost:2500/wiki/show/HomePage
Completed in 369ms (DB: 20) | 302 Found [http://localhost/wiki/save/HomePage]


Processing WikiController#show (for 127.0.0.1 at 2012-07-11 00:48:47) [GET]
  Parameters: {"web"=>"wiki", "id"=>"HomePage"}
Reading page 'HomePage' from web 'wiki'
Page 'HomePage'  found
Cached fragment hit: views/wiki/show/HomePage (0.2ms)
Rendering template within layouts/default
Rendering wiki/page
Maruku took 0.000649 seconds.
Maruku took 0.000441 seconds.
Rendered wiki/_inbound_links (1.8ms)
Cached fragment miss: localhost:2500/wiki/show/HomePage (2.2ms)
Completed in 149ms (View: 140, DB: 2) | 200 OK [http://localhost/wiki/show/HomePage]
** Erubis 2.7.0
** Erubis 2.7.0


Processing WikiController#index (for 127.0.0.1 at 2012-07-11 01:08:18) [GET]

ActiveRecord::StatementInvalid (Could not find table 'webs'):
  app/models/wiki.rb:97:in `setup?'
  app/controllers/wiki_controller.rb:21:in `index'
  /Users/Zaid/.rvm/rubies/ruby-1.8.7-p358/lib/ruby/1.8/webrick/httpserver.rb:104:in `service'
  /Users/Zaid/.rvm/rubies/ruby-1.8.7-p358/lib/ruby/1.8/webrick/httpserver.rb:65:in `run'
  /Users/Zaid/.rvm/rubies/ruby-1.8.7-p358/lib/ruby/1.8/webrick/server.rb:173:in `start_thread'
  /Users/Zaid/.rvm/rubies/ruby-1.8.7-p358/lib/ruby/1.8/webrick/server.rb:162:in `start'
  /Users/Zaid/.rvm/rubies/ruby-1.8.7-p358/lib/ruby/1.8/webrick/server.rb:162:in `start_thread'
  /Users/Zaid/.rvm/rubies/ruby-1.8.7-p358/lib/ruby/1.8/webrick/server.rb:95:in `start'
  /Users/Zaid/.rvm/rubies/ruby-1.8.7-p358/lib/ruby/1.8/webrick/server.rb:92:in `each'
  /Users/Zaid/.rvm/rubies/ruby-1.8.7-p358/lib/ruby/1.8/webrick/server.rb:92:in `start'
  /Users/Zaid/.rvm/rubies/ruby-1.8.7-p358/lib/ruby/1.8/webrick/server.rb:23:in `start'
  /Users/Zaid/.rvm/rubies/ruby-1.8.7-p358/lib/ruby/1.8/webrick/server.rb:82:in `start'


Rendered rescues/_trace (1054.4ms)
Rendered rescues/_request_and_response (5.1ms)
Rendering rescues/layout (internal_server_error)


Processing WikiController#index (for 127.0.0.1 at 2012-07-11 01:09:09) [GET]

ActiveRecord::StatementInvalid (Could not find table 'webs'):
  app/models/wiki.rb:97:in `setup?'
  app/controllers/wiki_controller.rb:21:in `index'
  /Users/Zaid/.rvm/rubies/ruby-1.8.7-p358/lib/ruby/1.8/webrick/httpserver.rb:104:in `service'
  /Users/Zaid/.rvm/rubies/ruby-1.8.7-p358/lib/ruby/1.8/webrick/httpserver.rb:65:in `run'
  /Users/Zaid/.rvm/rubies/ruby-1.8.7-p358/lib/ruby/1.8/webrick/server.rb:173:in `start_thread'
  /Users/Zaid/.rvm/rubies/ruby-1.8.7-p358/lib/ruby/1.8/webrick/server.rb:162:in `start'
  /Users/Zaid/.rvm/rubies/ruby-1.8.7-p358/lib/ruby/1.8/webrick/server.rb:162:in `start_thread'
  /Users/Zaid/.rvm/rubies/ruby-1.8.7-p358/lib/ruby/1.8/webrick/server.rb:95:in `start'
  /Users/Zaid/.rvm/rubies/ruby-1.8.7-p358/lib/ruby/1.8/webrick/server.rb:92:in `each'
  /Users/Zaid/.rvm/rubies/ruby-1.8.7-p358/lib/ruby/1.8/webrick/server.rb:92:in `start'
  /Users/Zaid/.rvm/rubies/ruby-1.8.7-p358/lib/ruby/1.8/webrick/server.rb:23:in `start'
  /Users/Zaid/.rvm/rubies/ruby-1.8.7-p358/lib/ruby/1.8/webrick/server.rb:82:in `start'


Rendered rescues/_trace (292.8ms)
Rendered rescues/_request_and_response (0.7ms)
Rendering rescues/layout (internal_server_error)


Processing AdminController#create_system (for 127.0.0.1 at 2012-07-11 01:10:10) [GET]
Checking DNSBL 1.0.0.127.sbl-xbl.spamhaus.org
Checking DNSBL 1.0.0.127.bl.spamcop.net
127.0.0.1 added to DNSBL passed cache

ActiveRecord::StatementInvalid (Could not find table 'webs'):
  app/models/wiki.rb:97:in `setup?'
  app/controllers/admin_controller.rb:8:in `create_system'
  /Users/Zaid/.rvm/rubies/ruby-1.8.7-p358/lib/ruby/1.8/webrick/httpserver.rb:104:in `service'
  /Users/Zaid/.rvm/rubies/ruby-1.8.7-p358/lib/ruby/1.8/webrick/httpserver.rb:65:in `run'
  /Users/Zaid/.rvm/rubies/ruby-1.8.7-p358/lib/ruby/1.8/webrick/server.rb:173:in `start_thread'
  /Users/Zaid/.rvm/rubies/ruby-1.8.7-p358/lib/ruby/1.8/webrick/server.rb:162:in `start'
  /Users/Zaid/.rvm/rubies/ruby-1.8.7-p358/lib/ruby/1.8/webrick/server.rb:162:in `start_thread'
  /Users/Zaid/.rvm/rubies/ruby-1.8.7-p358/lib/ruby/1.8/webrick/server.rb:95:in `start'
  /Users/Zaid/.rvm/rubies/ruby-1.8.7-p358/lib/ruby/1.8/webrick/server.rb:92:in `each'
  /Users/Zaid/.rvm/rubies/ruby-1.8.7-p358/lib/ruby/1.8/webrick/server.rb:92:in `start'
  /Users/Zaid/.rvm/rubies/ruby-1.8.7-p358/lib/ruby/1.8/webrick/server.rb:23:in `start'
  /Users/Zaid/.rvm/rubies/ruby-1.8.7-p358/lib/ruby/1.8/webrick/server.rb:82:in `start'


Rendered rescues/_trace (1201.4ms)
Rendered rescues/_request_and_response (0.8ms)
Rendering rescues/layout (internal_server_error)


Processing AdminController#create_system (for 127.0.0.1 at 2012-07-11 01:11:46) [GET]

ActiveRecord::StatementInvalid (Could not find table 'webs'):
  app/models/wiki.rb:97:in `setup?'
  app/controllers/admin_controller.rb:8:in `create_system'
  /Users/Zaid/.rvm/rubies/ruby-1.8.7-p358/lib/ruby/1.8/webrick/httpserver.rb:104:in `service'
  /Users/Zaid/.rvm/rubies/ruby-1.8.7-p358/lib/ruby/1.8/webrick/httpserver.rb:65:in `run'
  /Users/Zaid/.rvm/rubies/ruby-1.8.7-p358/lib/ruby/1.8/webrick/server.rb:173:in `start_thread'
  /Users/Zaid/.rvm/rubies/ruby-1.8.7-p358/lib/ruby/1.8/webrick/server.rb:162:in `start'
  /Users/Zaid/.rvm/rubies/ruby-1.8.7-p358/lib/ruby/1.8/webrick/server.rb:162:in `start_thread'
  /Users/Zaid/.rvm/rubies/ruby-1.8.7-p358/lib/ruby/1.8/webrick/server.rb:95:in `start'
  /Users/Zaid/.rvm/rubies/ruby-1.8.7-p358/lib/ruby/1.8/webrick/server.rb:92:in `each'
  /Users/Zaid/.rvm/rubies/ruby-1.8.7-p358/lib/ruby/1.8/webrick/server.rb:92:in `start'
  /Users/Zaid/.rvm/rubies/ruby-1.8.7-p358/lib/ruby/1.8/webrick/server.rb:23:in `start'
  /Users/Zaid/.rvm/rubies/ruby-1.8.7-p358/lib/ruby/1.8/webrick/server.rb:82:in `start'


Rendered rescues/_trace (532.2ms)
Rendered rescues/_request_and_response (0.7ms)
Rendering rescues/layout (internal_server_error)
** Erubis 2.7.0


Processing WikiController#index (for 127.0.0.1 at 2012-07-11 01:13:32) [GET]
Redirected to http://localhost:2500/create_system
Completed in 145ms (DB: 1) | 302 Found [http://localhost/]


Processing AdminController#create_system (for 127.0.0.1 at 2012-07-11 01:13:32) [GET]
Checking DNSBL 1.0.0.127.bl.spamcop.net
Checking DNSBL 1.0.0.127.sbl-xbl.spamhaus.org
127.0.0.1 added to DNSBL passed cache
Rendering template within layouts/default
Rendering admin/create_system
Completed in 1204ms (View: 709, DB: 1) | 200 OK [http://localhost/create_system]


Processing AdminController#create_system (for 127.0.0.1 at 2012-07-11 01:14:13) [POST]
  Parameters: {"password_check"=>"brainhubber", "password"=>"brainhubber", "_form_key"=>"38aaf547097d3f14df08b1843002fa65717f18c8", "web_name"=>"Brainstorm Technologies", "web_address"=>"wiki"}
Expired fragment: views/wiki/recently_revised (0.7ms)
Expired fragment: views/wiki/list (1.4ms)
Expired fragment: views/wiki/authors (0.7ms)
Expired fragment: views/wiki/atom_with_content (0.7ms)
Expired fragment: views/wiki/atom_with_headlines (0.7ms)
Expired fragment: views/wiki/file_list (0.5ms)
Expired fragment: views/wiki/file_list/file_name (0.4ms)
Expired fragment: views/wiki/file_list/created_at (0.5ms)
Expired fragment: views/wiki/recently_revised (0.6ms)
Expired fragment: views/wiki/list (0.6ms)
Expired fragment: views/wiki/authors (0.4ms)
Expired fragment: views/wiki/atom_with_content (0.4ms)
Expired fragment: views/wiki/atom_with_headlines (0.5ms)
Expired fragment: views/wiki/file_list (0.4ms)
Expired fragment: views/wiki/file_list/file_name (18.8ms)
Expired fragment: views/wiki/file_list/created_at (0.7ms)
Expired fragment: views/wiki/recently_revised (0.5ms)
Expired fragment: views/wiki/list (1.3ms)
Expired fragment: views/wiki/authors (0.5ms)
Expired fragment: views/wiki/atom_with_content (0.4ms)
Expired fragment: views/wiki/atom_with_headlines (0.4ms)
Expired fragment: views/wiki/file_list (0.4ms)
Expired fragment: views/wiki/file_list/file_name (0.4ms)
Expired fragment: views/wiki/file_list/created_at (0.4ms)
Redirected to http://localhost:2500/wiki/new/HomePage
Completed in 402ms (DB: 7) | 302 Found [http://localhost/create_system]


Processing WikiController#new (for 127.0.0.1 at 2012-07-11 01:14:13) [GET]
  Parameters: {"web"=>"wiki", "id"=>"HomePage"}
Reading page 'HomePage' from web 'wiki'
Page 'HomePage' not found
Rendering template within layouts/default
Rendering wiki/new
Completed in 941ms (View: 910, DB: 2) | 200 OK [http://localhost/wiki/new/HomePage]
** Erubis 2.7.0


Processing WikiController#index (for 127.0.0.1 at 2012-07-11 01:39:02) [GET]
Redirected to http://localhost:2500/create_system
Completed in 269ms (DB: 1) | 302 Found [http://localhost/]


Processing AdminController#create_system (for 127.0.0.1 at 2012-07-11 01:39:02) [GET]
Checking DNSBL 1.0.0.127.sbl-xbl.spamhaus.org
Checking DNSBL 1.0.0.127.bl.spamcop.net
127.0.0.1 added to DNSBL passed cache
Rendering template within layouts/default
Rendering admin/create_system
Completed in 1924ms (View: 873, DB: 1) | 200 OK [http://localhost/create_system]


Processing AdminController#create_system (for 127.0.0.1 at 2012-07-11 01:39:47) [POST]
  Parameters: {"password_check"=>"brainhubber", "_form_key"=>"77816b50c7db2dd0247618817dbe8f2c4c31e127", "web_name"=>"Brainstorm Technologies", "web_address"=>"wiki", "password"=>"brainhubber"}
Expired fragment: views/wiki/recently_revised (25.9ms)
Expired fragment: views/wiki/list (2.7ms)
Expired fragment: views/wiki/authors (1.5ms)
Expired fragment: views/wiki/atom_with_content (21.4ms)
Expired fragment: views/wiki/atom_with_headlines (1.0ms)
Expired fragment: views/wiki/file_list (1.1ms)
Expired fragment: views/wiki/file_list/file_name (0.6ms)
Expired fragment: views/wiki/file_list/created_at (0.5ms)
Expired fragment: views/wiki/recently_revised (21.9ms)
Expired fragment: views/wiki/list (0.6ms)
Expired fragment: views/wiki/authors (0.7ms)
Expired fragment: views/wiki/atom_with_content (1.0ms)
Expired fragment: views/wiki/atom_with_headlines (3.0ms)
Expired fragment: views/wiki/file_list (0.7ms)
Expired fragment: views/wiki/file_list/file_name (1.5ms)
Expired fragment: views/wiki/file_list/created_at (0.6ms)
Expired fragment: views/wiki/recently_revised (0.7ms)
Expired fragment: views/wiki/list (0.6ms)
Expired fragment: views/wiki/authors (0.7ms)
Expired fragment: views/wiki/atom_with_content (0.7ms)
Expired fragment: views/wiki/atom_with_headlines (49.1ms)
Expired fragment: views/wiki/file_list (0.5ms)
Expired fragment: views/wiki/file_list/file_name (0.5ms)
Expired fragment: views/wiki/file_list/created_at (0.5ms)
Redirected to http://localhost:2500/wiki/new/HomePage
Completed in 1136ms (DB: 132) | 302 Found [http://localhost/create_system]


Processing WikiController#new (for 127.0.0.1 at 2012-07-11 01:39:49) [GET]
  Parameters: {"web"=>"wiki", "id"=>"HomePage"}
Reading page 'HomePage' from web 'wiki'
Page 'HomePage' not found
Rendering template within layouts/default
Rendering wiki/new
Completed in 1239ms (View: 1178, DB: 3) | 200 OK [http://localhost/wiki/new/HomePage]
** Erubis 2.7.0


Processing WikiController#index (for 127.0.0.1 at 2012-07-11 02:15:53) [GET]
Redirected to http://localhost:2500/wiki/show/HomePage
Completed in 21ms (DB: 0) | 302 Found [http://localhost/]


Processing WikiController#show (for 127.0.0.1 at 2012-07-11 02:15:53) [GET]
  Parameters: {"web"=>"wiki", "id"=>"HomePage"}
Reading page 'HomePage' from web 'wiki'
Page 'HomePage' not found
Cached fragment hit: views/wiki/show/HomePage (0.2ms)
Redirected to http://localhost:2500/wiki/new/HomePage
Completed in 6ms (DB: 1) | 302 Found [http://localhost/wiki/show/HomePage]


Processing WikiController#new (for 127.0.0.1 at 2012-07-11 02:15:53) [GET]
  Parameters: {"web"=>"wiki", "id"=>"HomePage"}
Reading page 'HomePage' from web 'wiki'
Page 'HomePage' not found
Checking DNSBL 1.0.0.127.sbl-xbl.spamhaus.org
Checking DNSBL 1.0.0.127.bl.spamcop.net
127.0.0.1 added to DNSBL passed cache
Rendering template within layouts/default
Rendering wiki/new
Completed in 1039ms (View: 51, DB: 1) | 200 OK [http://localhost/wiki/new/HomePage]
